<?xml version="1.0" encoding="UTF-8"?>
<!-- Generated by org.testng.reporters.JUnitReportReporter -->
<testsuite hostname="VDL171" failures="0" tests="1" name="APIDemo.DeleteRequest" time="22.158" errors="0" timestamp="2023-07-21T13:00:25 IST" skipped="0">
  <testcase classname="APIDemo.DeleteRequest" name="DeleteRequestTest" time="22.158"/>
  <system-out/>
</testsuite> <!-- APIDemo.DeleteRequest -->
