<?xml version="1.0" encoding="UTF-8"?>
<!-- Generated by org.testng.reporters.JUnitReportReporter -->
<testsuite hostname="VDL171" failures="0" tests="4" name="Bdd_Style_ApiAutomation.GetAllEmployess" time="3.236" errors="0" timestamp="2023-07-31T12:46:20 IST" skipped="3">
  <testcase classname="Bdd_Style_ApiAutomation.GetAllEmployess" name="deleteAnEmployee" time="3.236"/>
  <system-out/>
  <testcase classname="Bdd_Style_ApiAutomation.GetAllEmployess" name="createAnEmployee">
    <skipped/>
  </testcase> <!-- createAnEmployee -->
  <system-out/>
  <testcase classname="Bdd_Style_ApiAutomation.GetAllEmployess" name="getAllEmployee">
    <skipped/>
  </testcase> <!-- getAllEmployee -->
  <system-out/>
  <testcase classname="Bdd_Style_ApiAutomation.GetAllEmployess" name="UpdateAnEmployee">
    <skipped/>
  </testcase> <!-- UpdateAnEmployee -->
  <system-out/>
</testsuite> <!-- Bdd_Style_ApiAutomation.GetAllEmployess -->
