<?xml version="1.0" encoding="UTF-8"?>
<!-- Generated by org.testng.reporters.JUnitReportReporter -->
<testsuite hostname="VDL171" failures="0" tests="1" name="Bdd_Style_ApiAutomation.APiKeyAuth" time="2.249" errors="0" timestamp="2023-08-06T09:49:20 IST" skipped="0">
  <testcase classname="Bdd_Style_ApiAutomation.APiKeyAuth" name="APIKeyAuthFlow" time="2.249"/>
  <system-out/>
</testsuite> <!-- Bdd_Style_ApiAutomation.APiKeyAuth -->
