<?xml version="1.0" encoding="UTF-8"?>
<!-- Generated by org.testng.reporters.JUnitReportReporter -->
<testsuite hostname="VDL171" failures="0" tests="1" name="Bdd_Style_ApiAutomation.bearTokenAuth" time="3.014" errors="0" timestamp="2023-08-06T10:04:13 IST" skipped="0">
  <testcase classname="Bdd_Style_ApiAutomation.bearTokenAuth" name="bearTokenAuthFlow" time="3.014"/>
  <system-out/>
</testsuite> <!-- Bdd_Style_ApiAutomation.bearTokenAuth -->
