<?xml version="1.0" encoding="UTF-8"?>
<!-- Generated by org.testng.reporters.JUnitReportReporter -->
<testsuite hostname="VDL171" failures="0" tests="1" name="LearnAPIAutomation.DeleteRequest" time="3.072" errors="0" timestamp="2023-07-30T12:18:03 IST" skipped="0">
  <testcase classname="LearnAPIAutomation.DeleteRequest" name="deleteAnEmployee" time="3.072"/>
  <system-out/>
</testsuite> <!-- LearnAPIAutomation.DeleteRequest -->
