<?xml version="1.0" encoding="UTF-8"?>
<!-- Generated by org.testng.reporters.JUnitReportReporter -->
<testsuite hostname="VDL171" failures="0" tests="1" name="APIDemo.GetRequest" time="3.543" errors="0" timestamp="2023-07-30T12:20:47 IST" skipped="0">
  <testcase classname="APIDemo.GetRequest" name="GetDetails" time="3.543"/>
  <system-out/>
</testsuite> <!-- APIDemo.GetRequest -->
