<?xml version="1.0" encoding="UTF-8"?>
<!-- Generated by org.testng.reporters.JUnitReportReporter -->
<testsuite hostname="VDL171" failures="0" tests="1" name="LearnAPIAutomation.PutMethod" time="3.011" errors="0" timestamp="2023-07-30T12:13:03 IST" skipped="0">
  <testcase classname="LearnAPIAutomation.PutMethod" name="updateAnEmployee" time="3.011"/>
  <system-out/>
</testsuite> <!-- LearnAPIAutomation.PutMethod -->
