<?xml version="1.0" encoding="UTF-8"?>
<!-- Generated by org.testng.reporters.JUnitReportReporter -->
<testsuite hostname="VDL171" failures="0" tests="1" name="LearnAPIAutomation.GetAllPetDetails" time="2.753" errors="0" timestamp="2023-07-30T12:21:26 IST" skipped="0">
  <testcase classname="LearnAPIAutomation.GetAllPetDetails" name="getAllDeatils" time="2.753"/>
  <system-out/>
</testsuite> <!-- LearnAPIAutomation.GetAllPetDetails -->
