<?xml version="1.0" encoding="UTF-8"?>
<!-- Generated by org.testng.reporters.JUnitReportReporter -->
<testsuite hostname="VDL171" failures="0" tests="1" name="Bdd_Style_ApiAutomation.Serialization" time="2.846" errors="0" timestamp="2023-08-03T10:10:53 IST" skipped="0">
  <testcase classname="Bdd_Style_ApiAutomation.Serialization" name="SerializationFlow" time="2.846"/>
  <system-out/>
</testsuite> <!-- Bdd_Style_ApiAutomation.Serialization -->
