<?xml version="1.0" encoding="UTF-8"?>
<!-- Generated by org.testng.reporters.JUnitReportReporter -->
<testsuite hostname="VDL171" failures="0" tests="1" name="APIDemo.PostRequest" time="2.321" errors="0" timestamp="2023-07-21T11:43:58 IST" skipped="0">
  <testcase classname="APIDemo.PostRequest" name="testPost" time="2.321"/>
  <system-out/>
</testsuite> <!-- APIDemo.PostRequest -->
