<?xml version="1.0" encoding="UTF-8"?>
<!-- Generated by org.testng.reporters.JUnitReportReporter -->
<testsuite hostname="VDL171" failures="0" tests="1" name="APIDemo.PutRequest" time="1.882" errors="0" timestamp="2023-07-21T12:31:08 IST" skipped="0">
  <testcase classname="APIDemo.PutRequest" name="testPutRequest" time="1.882"/>
  <system-out/>
</testsuite> <!-- APIDemo.PutRequest -->
