<?xml version="1.0" encoding="UTF-8"?>
<!-- Generated by org.testng.reporters.JUnitReportReporter -->
<testsuite hostname="VDL171" failures="0" tests="1" name="Bdd_Style_ApiAutomation.BasicAuth" time="3.478" errors="0" timestamp="2023-08-06T09:35:22 IST" skipped="0">
  <testcase classname="Bdd_Style_ApiAutomation.BasicAuth" name="basicAuthflow" time="3.478"/>
  <system-out/>
</testsuite> <!-- Bdd_Style_ApiAutomation.BasicAuth -->
