<?xml version="1.0" encoding="UTF-8"?>
<!-- Generated by org.testng.reporters.JUnitReportReporter -->
<testsuite hostname="VDL171" failures="0" tests="1" name="api.payload.TestCases" time="3.769" errors="0" timestamp="2023-08-06T13:13:11 IST" skipped="0">
  <testcase classname="api.payload.TestCases" name="testPostUser" time="3.769"/>
  <system-out/>
</testsuite> <!-- api.payload.TestCases -->
