<?xml version="1.0" encoding="UTF-8"?>
<!-- Generated by org.testng.reporters.JUnitReportReporter -->
<testsuite hostname="VDL171" failures="0" tests="4" name="api.test.TestCases" time="10.037" errors="0" timestamp="2023-08-07T07:55:10 IST" skipped="0">
  <testcase classname="api.test.TestCases" name="testPostUser" time="3.458"/>
  <system-out/>
  <testcase classname="api.test.TestCases" name="testGetuserByName" time="1.563"/>
  <system-out/>
  <testcase classname="api.test.TestCases" name="testupdateUserByName" time="3.479"/>
  <system-out/>
  <testcase classname="api.test.TestCases" name="testdeleteUserByName" time="1.537"/>
  <system-out/>
</testsuite> <!-- api.test.TestCases -->
