<?xml version="1.0" encoding="UTF-8"?>
<!-- Generated by org.testng.reporters.JUnitReportReporter -->
<testsuite hostname="VDL171" failures="0" tests="1" name="Bdd_Style_ApiAutomation.externalFile" time="2.816" errors="0" timestamp="2023-07-31T12:56:52 IST" skipped="0">
  <testcase classname="Bdd_Style_ApiAutomation.externalFile" name="createEmployeeFromJsonFile" time="2.816"/>
  <system-out/>
</testsuite> <!-- Bdd_Style_ApiAutomation.externalFile -->
