<?xml version="1.0" encoding="UTF-8"?>
<!-- Generated by org.testng.reporters.JUnitReportReporter -->
<testsuite hostname="VDL171" failures="0" tests="4" name="api.test.TestCases" time="10.034" errors="0" timestamp="2023-08-07T07:54:27 IST" skipped="0">
  <testcase classname="api.test.TestCases" name="testPostUser" time="3.355"/>
  <testcase classname="api.test.TestCases" name="testGetuserByName" time="1.588"/>
  <testcase classname="api.test.TestCases" name="testupdateUserByName" time="3.325"/>
  <testcase classname="api.test.TestCases" name="testdeleteUserByName" time="1.766"/>
</testsuite> <!-- api.test.TestCases -->
